C:\Program Files\Microsoft Visual Studio\2022\Community\MSBuild\Microsoft\VC\v170\Microsoft.CppBuild.targets(514,5): warning MSB8028: The intermediate directory (x64\Debug\) contains files shared from another project (Marine [Beta].vcxproj).  This can lead to incorrect clean and rebuild behavior.
  Ember [beta].cpp
C:\Users\krist\source\repos\Marine [Beta]\Marine [Beta]\ObjectHandler.h(24,27): warning C4091: 'static ': ignored on left of 'ObjectHandler' when no variable is declared
C:\Users\krist\source\repos\Marine [Beta]\Marine [Beta]\ObjectHandler.h(142,2): warning C4091: 'static ': ignored on left of 'ObjectHandler' when no variable is declared
C:\Users\krist\source\repos\Marine [Beta]\Marine [Beta]\Parser.h(16,1): warning C4005: 'DEBUG': macro redefinition
C:\Users\krist\source\repos\Marine [Beta]\Marine [Beta]\Math.h(8): message : see previous definition of 'DEBUG'
C:\Users\krist\source\repos\Marine [Beta]\Marine [Beta]\Parser.h(52,1): warning C4267: '=': conversion from 'size_t' to 'int', possible loss of data
C:\Users\krist\source\repos\Marine [Beta]\Marine [Beta]\Parser.h(1196,28): warning C4101: 'ig': unreferenced local variable
C:\Users\krist\source\repos\Marine [Beta]\Marine [Beta]\Parser.h(1485,20): warning C4018: '<=': signed/unsigned mismatch
C:\Users\krist\source\repos\Marine [Beta]\Marine [Beta]\Parser.h(786,29): warning C4101: 'ig': unreferenced local variable
C:\Users\krist\source\repos\Marine [Beta]\Marine [Beta]\Parser.h(191): message : see reference to function template instantiation 'Type marine::Parser::parseFuncCall<marine::VContainer>(bool *)' being compiled
          with
          [
              Type=marine::VContainer
          ]
C:\Users\krist\source\repos\Marine [Beta]\Marine [Beta]\Parser.h(885,29): warning C4101: 'ig': unreferenced local variable
C:\Users\krist\source\repos\Marine [Beta]\Marine [Beta]\inb.h(138): warning C4172: returning address of local variable or temporary: null
C:\Users\krist\source\repos\Marine [Beta]\Marine [Beta]\inb.h(145): warning C4172: returning address of local variable or temporary: null
C:\Users\krist\source\repos\Marine [Beta]\Marine [Beta]\Parser.h(1092): warning C4715: 'marine::Parser::parseWhileStatement': not all control paths return a value
C:\Users\krist\source\repos\Marine [Beta]\Marine [Beta]\Parser.h(1366): warning C4715: 'marine::Parser::parseVariableUsage': not all control paths return a value
C:\Users\krist\source\repos\Marine [Beta]\Marine [Beta]\Math.h(753): warning C4715: 'marine::ext::BoolExpr::evaluate': not all control paths return a value
C:\Users\krist\source\repos\Marine [Beta]\Marine [Beta]\Parser.h(113): warning C4172: returning address of local variable or temporary: v
C:\Users\krist\source\repos\Marine [Beta]\Marine [Beta]\Math.h(695): warning C4715: 'marine::ext::BoolExpr::repr': not all control paths return a value
C:\Users\krist\source\repos\Marine [Beta]\Marine [Beta]\helpers.h(72): warning C4715: 'marine::isBool': not all control paths return a value
  Marine [Beta].vcxproj -> C:\Users\krist\source\repos\Marine [Beta]\x64\Debug\Ember [Beta].exe
